c:\users\huber\desktop\legitware_lite (1)\legitware lite\cheat\tmp\vc141.pdb
c:\users\huber\desktop\legitware_lite (1)\legitware lite\cheat\tmp\vc141.idb
c:\users\huber\desktop\legitware_lite (1)\legitware lite\cheat\tmp\gui.obj
c:\users\huber\desktop\legitware_lite (1)\legitware lite\cheat\tmp\vfunc_hook.obj
c:\users\huber\desktop\legitware_lite (1)\legitware lite\cheat\tmp\utilities.obj
c:\users\huber\desktop\legitware_lite (1)\legitware lite\cheat\tmp\sdk.obj
c:\users\huber\desktop\legitware_lite (1)\legitware lite\cheat\tmp\painttraverse.obj
c:\users\huber\desktop\legitware_lite (1)\legitware lite\cheat\tmp\options.obj
c:\users\huber\desktop\legitware_lite (1)\legitware lite\cheat\tmp\inputsys.obj
c:\users\huber\desktop\legitware_lite (1)\legitware lite\cheat\tmp\hooks.obj
c:\users\huber\desktop\legitware_lite (1)\legitware lite\cheat\tmp\font.obj
c:\users\huber\desktop\legitware_lite (1)\legitware lite\cheat\tmp\drawmodelexecute.obj
c:\users\huber\desktop\legitware_lite (1)\legitware lite\cheat\tmp\dllmain.obj
c:\users\huber\desktop\legitware_lite (1)\legitware lite\cheat\tmp\createmove.obj
c:\users\huber\desktop\legitware_lite (1)\legitware lite\cheat\tmp\visuals.obj
c:\users\huber\desktop\legitware_lite (1)\legitware lite\cheat\tmp\timewarp.obj
c:\users\huber\desktop\legitware_lite (1)\legitware lite\cheat\tmp\stickerchanger.obj
c:\users\huber\desktop\legitware_lite (1)\legitware lite\cheat\tmp\skinchanger.obj
c:\users\huber\desktop\legitware_lite (1)\legitware lite\cheat\tmp\sequenceproxy.obj
c:\users\huber\desktop\legitware_lite (1)\legitware lite\cheat\tmp\kitparser.obj
c:\users\huber\desktop\legitware_lite (1)\legitware lite\cheat\tmp\itemdefinitions.obj
c:\users\huber\desktop\legitware_lite (1)\legitware lite\cheat\tmp\fireeventclientside.obj
c:\users\huber\desktop\legitware_lite (1)\legitware lite\cheat\tmp\netvars.obj
c:\users\huber\desktop\legitware_lite (1)\legitware lite\cheat\tmp\utlstring.obj
c:\users\huber\desktop\legitware_lite (1)\legitware lite\cheat\tmp\utlbuffer.obj
c:\users\huber\desktop\legitware_lite (1)\legitware lite\cheat\tmp\convar.obj
c:\users\huber\desktop\legitware_lite (1)\legitware lite\cheat\tmp\color.obj
c:\users\huber\desktop\legitware_lite (1)\legitware lite\cheat\tmp\checksum_md5.obj
c:\users\huber\desktop\legitware_lite (1)\legitware lite\cheat\tmp\checksum_crc.obj
c:\users\huber\desktop\legitware_lite (1)\legitware lite\cheat\tmp\characterset.obj
c:\users\huber\desktop\legitware_lite (1)\legitware lite\cheat\tmp\vmatrix.obj
c:\users\huber\desktop\legitware_lite (1)\legitware lite\cheat\tmp\vector4d.obj
c:\users\huber\desktop\legitware_lite (1)\legitware lite\cheat\tmp\vector2d.obj
c:\users\huber\desktop\legitware_lite (1)\legitware lite\cheat\tmp\csgostructs.obj
c:\users\huber\desktop\legitware_lite (1)\legitware lite\cheat\tmp\menu.obj
c:\users\huber\desktop\legitware_lite (1)\legitware lite\release\legitware.ilk
c:\users\huber\desktop\legitware_lite (1)\legitware lite\release\legitware.dll
c:\users\huber\desktop\legitware_lite (1)\legitware lite\release\legitware.map
c:\users\huber\desktop\legitware_lite (1)\legitware lite\release\legitware.pdb
c:\users\huber\desktop\legitware_lite (1)\legitware lite\cheat\..\release\legitware.dll
c:\users\huber\desktop\legitware_lite (1)\legitware lite\cheat\tmp\cheat.tlog\cl.command.1.tlog
c:\users\huber\desktop\legitware_lite (1)\legitware lite\cheat\tmp\cheat.tlog\cl.read.1.tlog
c:\users\huber\desktop\legitware_lite (1)\legitware lite\cheat\tmp\cheat.tlog\cl.write.1.tlog
c:\users\huber\desktop\legitware_lite (1)\legitware lite\cheat\tmp\cheat.tlog\link.command.1.tlog
c:\users\huber\desktop\legitware_lite (1)\legitware lite\cheat\tmp\cheat.tlog\link.read.1.tlog
c:\users\huber\desktop\legitware_lite (1)\legitware lite\cheat\tmp\cheat.tlog\link.write.1.tlog
